<?xml version="1.0" encoding="UTF-8"?>
<!-- Generated by org.testng.reporters.JUnitXMLReporter -->
<testsuite ignored="0" hostname="DESKTOP-BA6SG94" failures="0" tests="4" name="Test" time="0.067" errors="0" timestamp="2021-11-17T11:50:22 IST">
  <testcase classname="rahulshettyacademy.mavenproject.ApiTest" name="deleteTwitter" time="0.007"/>
  <testcase classname="rahulshettyacademy.mavenproject.ApiTest" name="postJira" time="0.001"/>
  <testcase classname="rahulshettyacademy.mavenproject.SeleniumTest" name="browserAutomation" time="0.001"/>
  <testcase classname="rahulshettyacademy.mavenproject.SeleniumTest" name="elementUI" time="0.001"/>
</testsuite> <!-- Test -->
