<?xml version="1.0" encoding="UTF-8"?>
<testng-results ignored="0" total="4" passed="4" failed="0" skipped="0">
  <reporter-output>
  </reporter-output>
  <suite started-at="2021-11-17T11:50:22 IST" name="Suite" finished-at="2021-11-17T11:50:22 IST" duration-ms="67">
    <groups>
    </groups>
    <test started-at="2021-11-17T11:50:22 IST" name="Test" finished-at="2021-11-17T11:50:22 IST" duration-ms="67">
      <class name="rahulshettyacademy.mavenproject.ApiTest">
        <test-method signature="deleteTwitter()[pri:0, instance:rahulshettyacademy.mavenproject.ApiTest@5f9b2141]" started-at="2021-11-17T11:50:22 IST" name="deleteTwitter" finished-at="2021-11-17T11:50:22 IST" duration-ms="7" status="PASS">
          <reporter-output>
          </reporter-output>
        </test-method> <!-- deleteTwitter -->
        <test-method signature="postJira()[pri:0, instance:rahulshettyacademy.mavenproject.ApiTest@5f9b2141]" started-at="2021-11-17T11:50:22 IST" name="postJira" finished-at="2021-11-17T11:50:22 IST" duration-ms="1" status="PASS">
          <reporter-output>
          </reporter-output>
        </test-method> <!-- postJira -->
      </class> <!-- rahulshettyacademy.mavenproject.ApiTest -->
      <class name="rahulshettyacademy.mavenproject.SeleniumTest">
        <test-method signature="browserAutomation()[pri:0, instance:rahulshettyacademy.mavenproject.SeleniumTest@10feca44]" started-at="2021-11-17T11:50:22 IST" name="browserAutomation" finished-at="2021-11-17T11:50:22 IST" duration-ms="1" status="PASS">
          <reporter-output>
          </reporter-output>
        </test-method> <!-- browserAutomation -->
        <test-method signature="elementUI()[pri:0, instance:rahulshettyacademy.mavenproject.SeleniumTest@10feca44]" started-at="2021-11-17T11:50:22 IST" name="elementUI" finished-at="2021-11-17T11:50:22 IST" duration-ms="1" status="PASS">
          <reporter-output>
          </reporter-output>
        </test-method> <!-- elementUI -->
      </class> <!-- rahulshettyacademy.mavenproject.SeleniumTest -->
    </test> <!-- Test -->
  </suite> <!-- Suite -->
</testng-results>
